[35m[1mScanning dependencies of target gn_node[0m
[ 50%] [32mBuilding CXX object CMakeFiles/gn_node.dir/src/gaussian_noise_node.cpp.o[0m
In file included from [01m[K/opt/ros/noetic/include/ros/ros.h:40[m[K,
                 from [01m[K/home/utsab/Workspaces/task2/src/gaussian_noise/src/gaussian_noise_node.cpp:1[m[K:
[01m[K/home/utsab/Workspaces/task2/src/gaussian_noise/src/gaussian_noise_node.cpp:[m[K In member function ‘[01m[Kvoid ros_node::callback(const ConstPtr&)[m[K’:
[01m[K/home/utsab/Workspaces/task2/src/gaussian_noise/src/gaussian_noise_node.cpp:57:22:[m[K [01;35m[Kwarning: [m[Kformat ‘[01m[K%f[m[K’ expects argument of type ‘[01m[Kdouble[m[K’, but argument 8 has type ‘[01m[Kint[m[K’ [[01;35m[K-Wformat=[m[K]
   57 |             ROS_INFO([01;35m[K"Noise: %f,%f,%f"[m[K,[32m[K1[m[K,noise[1],noise[2]);
      |                      [01;35m[K^~~~~~~~~~~~~~~~~[m[K [32m[K~[m[K
      |                                        [32m[K|[m[K
      |                                        [32m[Kint[m[K
[01m[K/opt/ros/noetic/include/ros/console.h:351:165:[m[K [01;36m[Knote: [m[Kin definition of macro ‘[01m[KROSCONSOLE_PRINT_AT_LOCATION_WITH_FILTER[m[K’
  351 |     ::ros::console::print(filter, __rosconsole_define_location__loc.logger_, __rosconsole_define_location__loc.level_, __FILE__, __LINE__, __ROSCONSOLE_FUNCTION__, [01;36m[K__VA_ARGS__[m[K)
      |                                                                                                                                                                     [01;36m[K^~~~~~~~~~~[m[K
[01m[K/opt/ros/noetic/include/ros/console.h:390:7:[m[K [01;36m[Knote: [m[Kin expansion of macro ‘[01m[KROSCONSOLE_PRINT_AT_LOCATION[m[K’
  390 |       [01;36m[KROSCONSOLE_PRINT_AT_LOCATION[m[K(__VA_ARGS__); \
      |       [01;36m[K^~~~~~~~~~~~~~~~~~~~~~~~~~~~[m[K
[01m[K/opt/ros/noetic/include/ros/console.h:575:35:[m[K [01;36m[Knote: [m[Kin expansion of macro ‘[01m[KROS_LOG_COND[m[K’
  575 | #define ROS_LOG(level, name, ...) [01;36m[KROS_LOG_COND[m[K(true, level, name, __VA_ARGS__)
      |                                   [01;36m[K^~~~~~~~~~~~[m[K
[01m[K/opt/ros/noetic/include/rosconsole/macros_generated.h:110:23:[m[K [01;36m[Knote: [m[Kin expansion of macro ‘[01m[KROS_LOG[m[K’
  110 | #define ROS_INFO(...) [01;36m[KROS_LOG[m[K(::ros::console::levels::Info, ROSCONSOLE_DEFAULT_NAME, __VA_ARGS__)
      |                       [01;36m[K^~~~~~~[m[K
[01m[K/home/utsab/Workspaces/task2/src/gaussian_noise/src/gaussian_noise_node.cpp:57:13:[m[K [01;36m[Knote: [m[Kin expansion of macro ‘[01m[KROS_INFO[m[K’
   57 |             [01;36m[KROS_INFO[m[K("Noise: %f,%f,%f",1,noise[1],noise[2]);
      |             [01;36m[K^~~~~~~~[m[K
[01m[K/home/utsab/Workspaces/task2/src/gaussian_noise/src/gaussian_noise_node.cpp:57:31:[m[K [01;36m[Knote: [m[Kformat string is defined here
   57 |             ROS_INFO("Noise: [01;36m[K%f[m[K,%f,%f",1,noise[1],noise[2]);
      |                              [01;36m[K~^[m[K
      |                               [01;36m[K|[m[K
      |                               [01;36m[Kdouble[m[K
      |                              [32m[K%d[m[K
[100%] [32m[1mLinking CXX executable /home/utsab/Workspaces/task2/devel/.private/gaussian_noise/lib/gaussian_noise/gn_node[0m
[100%] Built target gn_node
