In file included from [01m[K/opt/ros/noetic/include/ros/ros.h:40[m[K,
                 from [01m[K/home/utsab/Workspaces/task2/src/gaussian_noise/src/gaussian_noise_node.cpp:1[m[K:
[01m[K/home/utsab/Workspaces/task2/src/gaussian_noise/src/gaussian_noise_node.cpp:[m[K In member function ‘[01m[Kvoid ros_node::callback(const ConstPtr&)[m[K’:
[01m[K/home/utsab/Workspaces/task2/src/gaussian_noise/src/gaussian_noise_node.cpp:23:41:[m[K [01;31m[Kerror: [m[Krequest for member ‘[01m[Kc_str[m[K’ in ‘[01m[K(& msg)->boost::shared_ptr<const geometry_msgs::Twist_<std::allocator<void> > >::operator->()->geometry_msgs::Twist_<std::allocator<void> >::linear.geometry_msgs::Vector3_<std::allocator<void> >::x[m[K’, which is of non-class type ‘[01m[Kconst _x_type[m[K’ {aka ‘[01m[Kconst double[m[K’}
   23 |             ROS_INFO("%s",msg->linear.x.[01;31m[Kc_str[m[K);
      |                                         [01;31m[K^~~~~[m[K
[01m[K/opt/ros/noetic/include/ros/console.h:351:165:[m[K [01;36m[Knote: [m[Kin definition of macro ‘[01m[KROSCONSOLE_PRINT_AT_LOCATION_WITH_FILTER[m[K’
  351 |     ::ros::console::print(filter, __rosconsole_define_location__loc.logger_, __rosconsole_define_location__loc.level_, __FILE__, __LINE__, __ROSCONSOLE_FUNCTION__, [01;36m[K__VA_ARGS__[m[K)
      |                                                                                                                                                                     [01;36m[K^~~~~~~~~~~[m[K
[01m[K/opt/ros/noetic/include/ros/console.h:390:7:[m[K [01;36m[Knote: [m[Kin expansion of macro ‘[01m[KROSCONSOLE_PRINT_AT_LOCATION[m[K’
  390 |       [01;36m[KROSCONSOLE_PRINT_AT_LOCATION[m[K(__VA_ARGS__); \
      |       [01;36m[K^~~~~~~~~~~~~~~~~~~~~~~~~~~~[m[K
[01m[K/opt/ros/noetic/include/ros/console.h:575:35:[m[K [01;36m[Knote: [m[Kin expansion of macro ‘[01m[KROS_LOG_COND[m[K’
  575 | #define ROS_LOG(level, name, ...) [01;36m[KROS_LOG_COND[m[K(true, level, name, __VA_ARGS__)
      |                                   [01;36m[K^~~~~~~~~~~~[m[K
[01m[K/opt/ros/noetic/include/rosconsole/macros_generated.h:110:23:[m[K [01;36m[Knote: [m[Kin expansion of macro ‘[01m[KROS_LOG[m[K’
  110 | #define ROS_INFO(...) [01;36m[KROS_LOG[m[K(::ros::console::levels::Info, ROSCONSOLE_DEFAULT_NAME, __VA_ARGS__)
      |                       [01;36m[K^~~~~~~[m[K
[01m[K/home/utsab/Workspaces/task2/src/gaussian_noise/src/gaussian_noise_node.cpp:23:13:[m[K [01;36m[Knote: [m[Kin expansion of macro ‘[01m[KROS_INFO[m[K’
   23 |             [01;36m[KROS_INFO[m[K("%s",msg->linear.x.c_str);
      |             [01;36m[K^~~~~~~~[m[K
[01m[K/home/utsab/Workspaces/task2/src/gaussian_noise/src/gaussian_noise_node.cpp:[m[K In function ‘[01m[Kvoid callback(const Vector3&)[m[K’:
[01m[K/home/utsab/Workspaces/task2/src/gaussian_noise/src/gaussian_noise_node.cpp:31:14:[m[K [01;35m[Kwarning: [m[Kformat ‘[01m[K%s[m[K’ expects argument of type ‘[01m[Kchar*[m[K’, but argument 8 has type ‘[01m[Kconst Vector3[m[K’ {aka ‘[01m[Kconst geometry_msgs::Vector3_<std::allocator<void> >[m[K’} [[01;35m[K-Wformat=[m[K]
   31 |     ROS_INFO([01;35m[K"The message published was: [%s]"[m[K, [32m[Kmsg[m[K);
      |              [01;35m[K^~~~~~~~~~~~~~~~~~~~~~~~~~~~~~~~~[m[K  [32m[K~~~[m[K
      |                                                 [32m[K|[m[K
      |                                                 [32m[Kconst Vector3 {aka const geometry_msgs::Vector3_<std::allocator<void> >}[m[K
[01m[K/opt/ros/noetic/include/ros/console.h:351:165:[m[K [01;36m[Knote: [m[Kin definition of macro ‘[01m[KROSCONSOLE_PRINT_AT_LOCATION_WITH_FILTER[m[K’
  351 |     ::ros::console::print(filter, __rosconsole_define_location__loc.logger_, __rosconsole_define_location__loc.level_, __FILE__, __LINE__, __ROSCONSOLE_FUNCTION__, [01;36m[K__VA_ARGS__[m[K)
      |                                                                                                                                                                     [01;36m[K^~~~~~~~~~~[m[K
[01m[K/opt/ros/noetic/include/ros/console.h:390:7:[m[K [01;36m[Knote: [m[Kin expansion of macro ‘[01m[KROSCONSOLE_PRINT_AT_LOCATION[m[K’
  390 |       [01;36m[KROSCONSOLE_PRINT_AT_LOCATION[m[K(__VA_ARGS__); \
      |       [01;36m[K^~~~~~~~~~~~~~~~~~~~~~~~~~~~[m[K
[01m[K/opt/ros/noetic/include/ros/console.h:575:35:[m[K [01;36m[Knote: [m[Kin expansion of macro ‘[01m[KROS_LOG_COND[m[K’
  575 | #define ROS_LOG(level, name, ...) [01;36m[KROS_LOG_COND[m[K(true, level, name, __VA_ARGS__)
      |                                   [01;36m[K^~~~~~~~~~~~[m[K
[01m[K/opt/ros/noetic/include/rosconsole/macros_generated.h:110:23:[m[K [01;36m[Knote: [m[Kin expansion of macro ‘[01m[KROS_LOG[m[K’
  110 | #define ROS_INFO(...) [01;36m[KROS_LOG[m[K(::ros::console::levels::Info, ROSCONSOLE_DEFAULT_NAME, __VA_ARGS__)
      |                       [01;36m[K^~~~~~~[m[K
[01m[K/home/utsab/Workspaces/task2/src/gaussian_noise/src/gaussian_noise_node.cpp:31:5:[m[K [01;36m[Knote: [m[Kin expansion of macro ‘[01m[KROS_INFO[m[K’
   31 |     [01;36m[KROS_INFO[m[K("The message published was: [%s]", msg);
      |     [01;36m[K^~~~~~~~[m[K
[01m[K/home/utsab/Workspaces/task2/src/gaussian_noise/src/gaussian_noise_node.cpp:31:44:[m[K [01;36m[Knote: [m[Kformat string is defined here
   31 |     ROS_INFO("The message published was: [[01;36m[K%s[m[K]", msg);
      |                                           [01;36m[K~^[m[K
      |                                            [01;36m[K|[m[K
      |                                            [01;36m[Kchar*[m[K
make[2]: *** [CMakeFiles/gn_node.dir/build.make:63: CMakeFiles/gn_node.dir/src/gaussian_noise_node.cpp.o] Error 1
make[1]: *** [CMakeFiles/Makefile2:619: CMakeFiles/gn_node.dir/all] Error 2
make: *** [Makefile:141: all] Error 2
