[01m[K/home/utsab/Workspaces/task2/src/gaussian_noise/src/gaussian_noise_node.cpp:21:44:[m[K [01;31m[Kerror: [m[K‘[01m[KTwist[m[K’ in namespace ‘[01m[Kgeometry_msgs[m[K’ does not name a type
   21 |         void callback(const geometry_msgs::[01;31m[KTwist[m[K::ConstPtr &msg){
      |                                            [01;31m[K^~~~~[m[K
[01m[K/home/utsab/Workspaces/task2/src/gaussian_noise/src/gaussian_noise_node.cpp:21:60:[m[K [01;31m[Kerror: [m[Kexpected unqualified-id before ‘[01m[K&[m[K’ token
   21 |         void callback(const geometry_msgs::Twist::ConstPtr [01;31m[K&[m[Kmsg){
      |                                                            [01;31m[K^[m[K
[01m[K/home/utsab/Workspaces/task2/src/gaussian_noise/src/gaussian_noise_node.cpp:21:59:[m[K [01;31m[Kerror: [m[Kexpected ‘[01m[K)[m[K’ before ‘[01m[K&[m[K’ token
   21 |         void callback[34m[K([m[Kconst geometry_msgs::Twist::ConstPtr[01;31m[K [m[K[32m[K&[m[Kmsg){
      |                      [34m[K~[m[K                                    [01;31m[K^[m[K[32m[K~[m[K
      |                                                           [32m[K)[m[K
[01m[K/home/utsab/Workspaces/task2/src/gaussian_noise/src/gaussian_noise_node.cpp:21:60:[m[K [01;31m[Kerror: [m[Kexpected ‘[01m[K;[m[K’ at end of member declaration
   21 |         void callback(const geometry_msgs::Twist::ConstPtr [01;31m[K&[m[Kmsg){
      |                                                            [01;31m[K^[m[K
      |                                                             [32m[K;[m[K
[01m[K/home/utsab/Workspaces/task2/src/gaussian_noise/src/gaussian_noise_node.cpp:21:61:[m[K [01;31m[Kerror: [m[K‘[01m[Kmsg[m[K’ does not name a type
   21 |         void callback(const geometry_msgs::Twist::ConstPtr &[01;31m[Kmsg[m[K){
      |                                                             [01;31m[K^~~[m[K
[01m[K/home/utsab/Workspaces/task2/src/gaussian_noise/src/gaussian_noise_node.cpp:[m[K In constructor ‘[01m[Kros_node::ros_node()[m[K’:
[01m[K/home/utsab/Workspaces/task2/src/gaussian_noise/src/gaussian_noise_node.cpp:17:68:[m[K [01;31m[Kerror: [m[Kno matching function for call to ‘[01m[Kros::NodeHandle::subscribe(const char [8], int, void (ros_node::*)(...) &, ros_node*)[m[K’
   17 |             sub=nh.subscribe("cmd_vel",100,&ros_node::callback,this[01;31m[K)[m[K;
      |                                                                    [01;31m[K^[m[K
In file included from [01m[K/opt/ros/noetic/include/ros/ros.h:45[m[K,
                 from [01m[K/home/utsab/Workspaces/task2/src/gaussian_noise/src/gaussian_noise_node.cpp:1[m[K:
[01m[K/opt/ros/noetic/include/ros/node_handle.h:402:14:[m[K [01;36m[Knote: [m[Kcandidate: ‘[01m[Ktemplate<class M, class T> ros::Subscriber ros::NodeHandle::subscribe(const string&, uint32_t, void (T::*)(M), T*, const ros::TransportHints&)[m[K’
  402 |   Subscriber [01;36m[Ksubscribe[m[K(const std::string& topic, uint32_t queue_size, void(T::*fp)(M), T* obj,
      |              [01;36m[K^~~~~~~~~[m[K
[01m[K/opt/ros/noetic/include/ros/node_handle.h:402:14:[m[K [01;36m[Knote: [m[K  template argument deduction/substitution failed:
[01m[K/home/utsab/Workspaces/task2/src/gaussian_noise/src/gaussian_noise_node.cpp:17:68:[m[K [01;36m[Knote: [m[K  mismatched types ‘[01m[Kvoid (T::)(M)[m[K’ and ‘[01m[Kvoid (ros_node::)(...) &[m[K’
   17 |             sub=nh.subscribe("cmd_vel",100,&ros_node::callback,this[01;36m[K)[m[K;
      |                                                                    [01;36m[K^[m[K
In file included from [01m[K/opt/ros/noetic/include/ros/ros.h:45[m[K,
                 from [01m[K/home/utsab/Workspaces/task2/src/gaussian_noise/src/gaussian_noise_node.cpp:1[m[K:
[01m[K/opt/ros/noetic/include/ros/node_handle.h:413:14:[m[K [01;36m[Knote: [m[Kcandidate: ‘[01m[Ktemplate<class M, class T> ros::Subscriber ros::NodeHandle::subscribe(const string&, uint32_t, void (T::*)(M) const, T*, const ros::TransportHints&)[m[K’
  413 |   Subscriber [01;36m[Ksubscribe[m[K(const std::string& topic, uint32_t queue_size, void(T::*fp)(M) const, T* obj,
      |              [01;36m[K^~~~~~~~~[m[K
[01m[K/opt/ros/noetic/include/ros/node_handle.h:413:14:[m[K [01;36m[Knote: [m[K  template argument deduction/substitution failed:
[01m[K/home/utsab/Workspaces/task2/src/gaussian_noise/src/gaussian_noise_node.cpp:17:68:[m[K [01;36m[Knote: [m[K  types ‘[01m[Kvoid (T::)(M) const[m[K’ and ‘[01m[Kvoid (ros_node::)(...) &[m[K’ have incompatible cv-qualifiers
   17 |             sub=nh.subscribe("cmd_vel",100,&ros_node::callback,this[01;36m[K)[m[K;
      |                                                                    [01;36m[K^[m[K
In file included from [01m[K/opt/ros/noetic/include/ros/ros.h:45[m[K,
                 from [01m[K/home/utsab/Workspaces/task2/src/gaussian_noise/src/gaussian_noise_node.cpp:1[m[K:
[01m[K/opt/ros/noetic/include/ros/node_handle.h:465:14:[m[K [01;36m[Knote: [m[Kcandidate: ‘[01m[Ktemplate<class M, class T> ros::Subscriber ros::NodeHandle::subscribe(const string&, uint32_t, void (T::*)(const boost::shared_ptr<const M>&), T*, const ros::TransportHints&)[m[K’
  465 |   Subscriber [01;36m[Ksubscribe[m[K(const std::string& topic, uint32_t queue_size,
      |              [01;36m[K^~~~~~~~~[m[K
[01m[K/opt/ros/noetic/include/ros/node_handle.h:465:14:[m[K [01;36m[Knote: [m[K  template argument deduction/substitution failed:
[01m[K/home/utsab/Workspaces/task2/src/gaussian_noise/src/gaussian_noise_node.cpp:17:68:[m[K [01;36m[Knote: [m[K  mismatched types ‘[01m[Kvoid (T::)(const boost::shared_ptr<const M>&)[m[K’ and ‘[01m[Kvoid (ros_node::)(...) &[m[K’
   17 |             sub=nh.subscribe("cmd_vel",100,&ros_node::callback,this[01;36m[K)[m[K;
      |                                                                    [01;36m[K^[m[K
In file included from [01m[K/opt/ros/noetic/include/ros/ros.h:45[m[K,
                 from [01m[K/home/utsab/Workspaces/task2/src/gaussian_noise/src/gaussian_noise_node.cpp:1[m[K:
[01m[K/opt/ros/noetic/include/ros/node_handle.h:475:14:[m[K [01;36m[Knote: [m[Kcandidate: ‘[01m[Ktemplate<class M, class T> ros::Subscriber ros::NodeHandle::subscribe(const string&, uint32_t, void (T::*)(const boost::shared_ptr<const M>&) const, T*, const ros::TransportHints&)[m[K’
  475 |   Subscriber [01;36m[Ksubscribe[m[K(const std::string& topic, uint32_t queue_size,
      |              [01;36m[K^~~~~~~~~[m[K
[01m[K/opt/ros/noetic/include/ros/node_handle.h:475:14:[m[K [01;36m[Knote: [m[K  template argument deduction/substitution failed:
[01m[K/home/utsab/Workspaces/task2/src/gaussian_noise/src/gaussian_noise_node.cpp:17:68:[m[K [01;36m[Knote: [m[K  types ‘[01m[Kvoid (T::)(const boost::shared_ptr<const M>&) const[m[K’ and ‘[01m[Kvoid (ros_node::)(...) &[m[K’ have incompatible cv-qualifiers
   17 |             sub=nh.subscribe("cmd_vel",100,&ros_node::callback,this[01;36m[K)[m[K;
      |                                                                    [01;36m[K^[m[K
In file included from [01m[K/opt/ros/noetic/include/ros/ros.h:45[m[K,
                 from [01m[K/home/utsab/Workspaces/task2/src/gaussian_noise/src/gaussian_noise_node.cpp:1[m[K:
[01m[K/opt/ros/noetic/include/ros/node_handle.h:529:14:[m[K [01;36m[Knote: [m[Kcandidate: ‘[01m[Ktemplate<class M, class T> ros::Subscriber ros::NodeHandle::subscribe(const string&, uint32_t, void (T::*)(M), const boost::shared_ptr<U>&, const ros::TransportHints&)[m[K’
  529 |   Subscriber [01;36m[Ksubscribe[m[K(const std::string& topic, uint32_t queue_size, void(T::*fp)(M),
      |              [01;36m[K^~~~~~~~~[m[K
[01m[K/opt/ros/noetic/include/ros/node_handle.h:529:14:[m[K [01;36m[Knote: [m[K  template argument deduction/substitution failed:
[01m[K/home/utsab/Workspaces/task2/src/gaussian_noise/src/gaussian_noise_node.cpp:17:68:[m[K [01;36m[Knote: [m[K  mismatched types ‘[01m[Kvoid (T::)(M)[m[K’ and ‘[01m[Kvoid (ros_node::)(...) &[m[K’
   17 |             sub=nh.subscribe("cmd_vel",100,&ros_node::callback,this[01;36m[K)[m[K;
      |                                                                    [01;36m[K^[m[K
In file included from [01m[K/opt/ros/noetic/include/ros/ros.h:45[m[K,
                 from [01m[K/home/utsab/Workspaces/task2/src/gaussian_noise/src/gaussian_noise_node.cpp:1[m[K:
[01m[K/opt/ros/noetic/include/ros/node_handle.h:540:14:[m[K [01;36m[Knote: [m[Kcandidate: ‘[01m[Ktemplate<class M, class T> ros::Subscriber ros::NodeHandle::subscribe(const string&, uint32_t, void (T::*)(M) const, const boost::shared_ptr<U>&, const ros::TransportHints&)[m[K’
  540 |   Subscriber [01;36m[Ksubscribe[m[K(const std::string& topic, uint32_t queue_size, void(T::*fp)(M) const,
      |              [01;36m[K^~~~~~~~~[m[K
[01m[K/opt/ros/noetic/include/ros/node_handle.h:540:14:[m[K [01;36m[Knote: [m[K  template argument deduction/substitution failed:
[01m[K/home/utsab/Workspaces/task2/src/gaussian_noise/src/gaussian_noise_node.cpp:17:68:[m[K [01;36m[Knote: [m[K  types ‘[01m[Kvoid (T::)(M) const[m[K’ and ‘[01m[Kvoid (ros_node::)(...) &[m[K’ have incompatible cv-qualifiers
   17 |             sub=nh.subscribe("cmd_vel",100,&ros_node::callback,this[01;36m[K)[m[K;
      |                                                                    [01;36m[K^[m[K
In file included from [01m[K/opt/ros/noetic/include/ros/ros.h:45[m[K,
                 from [01m[K/home/utsab/Workspaces/task2/src/gaussian_noise/src/gaussian_noise_node.cpp:1[m[K:
[01m[K/opt/ros/noetic/include/ros/node_handle.h:594:14:[m[K [01;36m[Knote: [m[Kcandidate: ‘[01m[Ktemplate<class M, class T> ros::Subscriber ros::NodeHandle::subscribe(const string&, uint32_t, void (T::*)(const boost::shared_ptr<const M>&), const boost::shared_ptr<U>&, const ros::TransportHints&)[m[K’
  594 |   Subscriber [01;36m[Ksubscribe[m[K(const std::string& topic, uint32_t queue_size,
      |              [01;36m[K^~~~~~~~~[m[K
[01m[K/opt/ros/noetic/include/ros/node_handle.h:594:14:[m[K [01;36m[Knote: [m[K  template argument deduction/substitution failed:
[01m[K/home/utsab/Workspaces/task2/src/gaussian_noise/src/gaussian_noise_node.cpp:17:68:[m[K [01;36m[Knote: [m[K  mismatched types ‘[01m[Kvoid (T::)(const boost::shared_ptr<const M>&)[m[K’ and ‘[01m[Kvoid (ros_node::)(...) &[m[K’
   17 |             sub=nh.subscribe("cmd_vel",100,&ros_node::callback,this[01;36m[K)[m[K;
      |                                                                    [01;36m[K^[m[K
In file included from [01m[K/opt/ros/noetic/include/ros/ros.h:45[m[K,
                 from [01m[K/home/utsab/Workspaces/task2/src/gaussian_noise/src/gaussian_noise_node.cpp:1[m[K:
[01m[K/opt/ros/noetic/include/ros/node_handle.h:605:14:[m[K [01;36m[Knote: [m[Kcandidate: ‘[01m[Ktemplate<class M, class T> ros::Subscriber ros::NodeHandle::subscribe(const string&, uint32_t, void (T::*)(const boost::shared_ptr<const M>&) const, const boost::shared_ptr<U>&, const ros::TransportHints&)[m[K’
  605 |   Subscriber [01;36m[Ksubscribe[m[K(const std::string& topic, uint32_t queue_size,
      |              [01;36m[K^~~~~~~~~[m[K
[01m[K/opt/ros/noetic/include/ros/node_handle.h:605:14:[m[K [01;36m[Knote: [m[K  template argument deduction/substitution failed:
[01m[K/home/utsab/Workspaces/task2/src/gaussian_noise/src/gaussian_noise_node.cpp:17:68:[m[K [01;36m[Knote: [m[K  types ‘[01m[Kvoid (T::)(const boost::shared_ptr<const M>&) const[m[K’ and ‘[01m[Kvoid (ros_node::)(...) &[m[K’ have incompatible cv-qualifiers
   17 |             sub=nh.subscribe("cmd_vel",100,&ros_node::callback,this[01;36m[K)[m[K;
      |                                                                    [01;36m[K^[m[K
In file included from [01m[K/opt/ros/noetic/include/ros/ros.h:45[m[K,
                 from [01m[K/home/utsab/Workspaces/task2/src/gaussian_noise/src/gaussian_noise_node.cpp:1[m[K:
[01m[K/opt/ros/noetic/include/ros/node_handle.h:656:14:[m[K [01;36m[Knote: [m[Kcandidate: ‘[01m[Ktemplate<class M> ros::Subscriber ros::NodeHandle::subscribe(const string&, uint32_t, void (*)(M), const ros::TransportHints&)[m[K’
  656 |   Subscriber [01;36m[Ksubscribe[m[K(const std::string& topic, uint32_t queue_size, void(*fp)(M), const TransportHints& transport_hints = TransportHints())
      |              [01;36m[K^~~~~~~~~[m[K
[01m[K/opt/ros/noetic/include/ros/node_handle.h:656:14:[m[K [01;36m[Knote: [m[K  template argument deduction/substitution failed:
[01m[K/home/utsab/Workspaces/task2/src/gaussian_noise/src/gaussian_noise_node.cpp:17:68:[m[K [01;36m[Knote: [m[K  mismatched types ‘[01m[Kvoid (*)(M)[m[K’ and ‘[01m[Kvoid (ros_node::*)(...) &[m[K’
   17 |             sub=nh.subscribe("cmd_vel",100,&ros_node::callback,this[01;36m[K)[m[K;
      |                                                                    [01;36m[K^[m[K
In file included from [01m[K/opt/ros/noetic/include/ros/ros.h:45[m[K,
                 from [01m[K/home/utsab/Workspaces/task2/src/gaussian_noise/src/gaussian_noise_node.cpp:1[m[K:
[01m[K/opt/ros/noetic/include/ros/node_handle.h:704:14:[m[K [01;36m[Knote: [m[Kcandidate: ‘[01m[Ktemplate<class M> ros::Subscriber ros::NodeHandle::subscribe(const string&, uint32_t, void (*)(const boost::shared_ptr<const M>&), const ros::TransportHints&)[m[K’
  704 |   Subscriber [01;36m[Ksubscribe[m[K(const std::string& topic, uint32_t queue_size, void(*fp)(const boost::shared_ptr<M const>&), const TransportHints& transport_hints = TransportHints())
      |              [01;36m[K^~~~~~~~~[m[K
[01m[K/opt/ros/noetic/include/ros/node_handle.h:704:14:[m[K [01;36m[Knote: [m[K  template argument deduction/substitution failed:
[01m[K/home/utsab/Workspaces/task2/src/gaussian_noise/src/gaussian_noise_node.cpp:17:68:[m[K [01;36m[Knote: [m[K  mismatched types ‘[01m[Kvoid (*)(const boost::shared_ptr<const M>&)[m[K’ and ‘[01m[Kvoid (ros_node::*)(...) &[m[K’
   17 |             sub=nh.subscribe("cmd_vel",100,&ros_node::callback,this[01;36m[K)[m[K;
      |                                                                    [01;36m[K^[m[K
In file included from [01m[K/opt/ros/noetic/include/ros/ros.h:45[m[K,
                 from [01m[K/home/utsab/Workspaces/task2/src/gaussian_noise/src/gaussian_noise_node.cpp:1[m[K:
[01m[K/opt/ros/noetic/include/ros/node_handle.h:750:14:[m[K [01;36m[Knote: [m[Kcandidate: ‘[01m[Ktemplate<class M> ros::Subscriber ros::NodeHandle::subscribe(const string&, uint32_t, const boost::function<void(const boost::shared_ptr<const M>&)>&, const VoidConstPtr&, const ros::TransportHints&)[m[K’
  750 |   Subscriber [01;36m[Ksubscribe[m[K(const std::string& topic, uint32_t queue_size, const boost::function<void (const boost::shared_ptr<M const>&)>& callback,
      |              [01;36m[K^~~~~~~~~[m[K
[01m[K/opt/ros/noetic/include/ros/node_handle.h:750:14:[m[K [01;36m[Knote: [m[K  template argument deduction/substitution failed:
[01m[K/home/utsab/Workspaces/task2/src/gaussian_noise/src/gaussian_noise_node.cpp:17:68:[m[K [01;36m[Knote: [m[K  mismatched types ‘[01m[Kconst boost::function<void(const boost::shared_ptr<const M>&)>[m[K’ and ‘[01m[Kvoid (ros_node::*)(...) &[m[K’
   17 |             sub=nh.subscribe("cmd_vel",100,&ros_node::callback,this[01;36m[K)[m[K;
      |                                                                    [01;36m[K^[m[K
In file included from [01m[K/opt/ros/noetic/include/ros/ros.h:45[m[K,
                 from [01m[K/home/utsab/Workspaces/task2/src/gaussian_noise/src/gaussian_noise_node.cpp:1[m[K:
[01m[K/opt/ros/noetic/include/ros/node_handle.h:799:14:[m[K [01;36m[Knote: [m[Kcandidate: ‘[01m[Ktemplate<class M, class C> ros::Subscriber ros::NodeHandle::subscribe(const string&, uint32_t, const boost::function<void(C)>&, const VoidConstPtr&, const ros::TransportHints&)[m[K’
  799 |   Subscriber [01;36m[Ksubscribe[m[K(const std::string& topic, uint32_t queue_size, const boost::function<void (C)>& callback,
      |              [01;36m[K^~~~~~~~~[m[K
[01m[K/opt/ros/noetic/include/ros/node_handle.h:799:14:[m[K [01;36m[Knote: [m[K  template argument deduction/substitution failed:
[01m[K/home/utsab/Workspaces/task2/src/gaussian_noise/src/gaussian_noise_node.cpp:17:68:[m[K [01;36m[Knote: [m[K  mismatched types ‘[01m[Kconst boost::function<void(C)>[m[K’ and ‘[01m[Kvoid (ros_node::*)(...) &[m[K’
   17 |             sub=nh.subscribe("cmd_vel",100,&ros_node::callback,this[01;36m[K)[m[K;
      |                                                                    [01;36m[K^[m[K
In file included from [01m[K/opt/ros/noetic/include/ros/ros.h:45[m[K,
                 from [01m[K/home/utsab/Workspaces/task2/src/gaussian_noise/src/gaussian_noise_node.cpp:1[m[K:
[01m[K/opt/ros/noetic/include/ros/node_handle.h:836:14:[m[K [01;36m[Knote: [m[Kcandidate: ‘[01m[Kros::Subscriber ros::NodeHandle::subscribe(ros::SubscribeOptions&)[m[K’
  836 |   Subscriber [01;36m[Ksubscribe[m[K(SubscribeOptions& ops);
      |              [01;36m[K^~~~~~~~~[m[K
[01m[K/opt/ros/noetic/include/ros/node_handle.h:836:14:[m[K [01;36m[Knote: [m[K  candidate expects 1 argument, 4 provided
[01m[K/home/utsab/Workspaces/task2/src/gaussian_noise/src/gaussian_noise_node.cpp:18:47:[m[K [01;31m[Kerror: [m[K‘[01m[KTwist[m[K’ is not a member of ‘[01m[Kgeometry_msgs[m[K’
   18 |             pub = nh.advertise<geometry_msgs::[01;31m[KTwist[m[K>("gaussian_noise_topic",100);
      |                                               [01;31m[K^~~~~[m[K
[01m[K/home/utsab/Workspaces/task2/src/gaussian_noise/src/gaussian_noise_node.cpp:18:47:[m[K [01;31m[Kerror: [m[K‘[01m[KTwist[m[K’ is not a member of ‘[01m[Kgeometry_msgs[m[K’
[01m[K/home/utsab/Workspaces/task2/src/gaussian_noise/src/gaussian_noise_node.cpp:18:80:[m[K [01;31m[Kerror: [m[Kno matching function for call to ‘[01m[Kros::NodeHandle::advertise<<expression error> >(const char [21], int)[m[K’
   18 |             pub = nh.advertise<geometry_msgs::Twist>("gaussian_noise_topic",100[01;31m[K)[m[K;
      |                                                                                [01;31m[K^[m[K
In file included from [01m[K/opt/ros/noetic/include/ros/ros.h:45[m[K,
                 from [01m[K/home/utsab/Workspaces/task2/src/gaussian_noise/src/gaussian_noise_node.cpp:1[m[K:
[01m[K/opt/ros/noetic/include/ros/node_handle.h:249:15:[m[K [01;36m[Knote: [m[Kcandidate: ‘[01m[Ktemplate<class M> ros::Publisher ros::NodeHandle::advertise(const string&, uint32_t, bool)[m[K’
  249 |     Publisher [01;36m[Kadvertise[m[K(const std::string& topic, uint32_t queue_size, bool latch = false)
      |               [01;36m[K^~~~~~~~~[m[K
[01m[K/opt/ros/noetic/include/ros/node_handle.h:249:15:[m[K [01;36m[Knote: [m[K  template argument deduction/substitution failed:
[01m[K/home/utsab/Workspaces/task2/src/gaussian_noise/src/gaussian_noise_node.cpp:18:80:[m[K [01;31m[Kerror: [m[Ktemplate argument 1 is invalid
   18 |             pub = nh.advertise<geometry_msgs::Twist>("gaussian_noise_topic",100[01;31m[K)[m[K;
      |                                                                                [01;31m[K^[m[K
In file included from [01m[K/opt/ros/noetic/include/ros/ros.h:45[m[K,
                 from [01m[K/home/utsab/Workspaces/task2/src/gaussian_noise/src/gaussian_noise_node.cpp:1[m[K:
[01m[K/opt/ros/noetic/include/ros/node_handle.h:315:13:[m[K [01;36m[Knote: [m[Kcandidate: ‘[01m[Ktemplate<class M> ros::Publisher ros::NodeHandle::advertise(const string&, uint32_t, const SubscriberStatusCallback&, const SubscriberStatusCallback&, const VoidConstPtr&, bool)[m[K’
  315 |   Publisher [01;36m[Kadvertise[m[K(const std::string& topic, uint32_t queue_size,
      |             [01;36m[K^~~~~~~~~[m[K
[01m[K/opt/ros/noetic/include/ros/node_handle.h:315:13:[m[K [01;36m[Knote: [m[K  template argument deduction/substitution failed:
[01m[K/home/utsab/Workspaces/task2/src/gaussian_noise/src/gaussian_noise_node.cpp:18:80:[m[K [01;31m[Kerror: [m[Ktemplate argument 1 is invalid
   18 |             pub = nh.advertise<geometry_msgs::Twist>("gaussian_noise_topic",100[01;31m[K)[m[K;
      |                                                                                [01;31m[K^[m[K
In file included from [01m[K/opt/ros/noetic/include/ros/ros.h:40[m[K,
                 from [01m[K/home/utsab/Workspaces/task2/src/gaussian_noise/src/gaussian_noise_node.cpp:1[m[K:
[01m[K/home/utsab/Workspaces/task2/src/gaussian_noise/src/gaussian_noise_node.cpp:[m[K In function ‘[01m[Kvoid callback(const Vector3&)[m[K’:
[01m[K/home/utsab/Workspaces/task2/src/gaussian_noise/src/gaussian_noise_node.cpp:30:14:[m[K [01;35m[Kwarning: [m[Kformat ‘[01m[K%s[m[K’ expects argument of type ‘[01m[Kchar*[m[K’, but argument 8 has type ‘[01m[Kconst Vector3[m[K’ {aka ‘[01m[Kconst geometry_msgs::Vector3_<std::allocator<void> >[m[K’} [[01;35m[K-Wformat=[m[K]
   30 |     ROS_INFO([01;35m[K"The message published was: [%s]"[m[K, [32m[Kmsg[m[K);
      |              [01;35m[K^~~~~~~~~~~~~~~~~~~~~~~~~~~~~~~~~[m[K  [32m[K~~~[m[K
      |                                                 [32m[K|[m[K
      |                                                 [32m[Kconst Vector3 {aka const geometry_msgs::Vector3_<std::allocator<void> >}[m[K
[01m[K/opt/ros/noetic/include/ros/console.h:351:165:[m[K [01;36m[Knote: [m[Kin definition of macro ‘[01m[KROSCONSOLE_PRINT_AT_LOCATION_WITH_FILTER[m[K’
  351 |     ::ros::console::print(filter, __rosconsole_define_location__loc.logger_, __rosconsole_define_location__loc.level_, __FILE__, __LINE__, __ROSCONSOLE_FUNCTION__, [01;36m[K__VA_ARGS__[m[K)
      |                                                                                                                                                                     [01;36m[K^~~~~~~~~~~[m[K
[01m[K/opt/ros/noetic/include/ros/console.h:390:7:[m[K [01;36m[Knote: [m[Kin expansion of macro ‘[01m[KROSCONSOLE_PRINT_AT_LOCATION[m[K’
  390 |       [01;36m[KROSCONSOLE_PRINT_AT_LOCATION[m[K(__VA_ARGS__); \
      |       [01;36m[K^~~~~~~~~~~~~~~~~~~~~~~~~~~~[m[K
[01m[K/opt/ros/noetic/include/ros/console.h:575:35:[m[K [01;36m[Knote: [m[Kin expansion of macro ‘[01m[KROS_LOG_COND[m[K’
  575 | #define ROS_LOG(level, name, ...) [01;36m[KROS_LOG_COND[m[K(true, level, name, __VA_ARGS__)
      |                                   [01;36m[K^~~~~~~~~~~~[m[K
[01m[K/opt/ros/noetic/include/rosconsole/macros_generated.h:110:23:[m[K [01;36m[Knote: [m[Kin expansion of macro ‘[01m[KROS_LOG[m[K’
  110 | #define ROS_INFO(...) [01;36m[KROS_LOG[m[K(::ros::console::levels::Info, ROSCONSOLE_DEFAULT_NAME, __VA_ARGS__)
      |                       [01;36m[K^~~~~~~[m[K
[01m[K/home/utsab/Workspaces/task2/src/gaussian_noise/src/gaussian_noise_node.cpp:30:5:[m[K [01;36m[Knote: [m[Kin expansion of macro ‘[01m[KROS_INFO[m[K’
   30 |     [01;36m[KROS_INFO[m[K("The message published was: [%s]", msg);
      |     [01;36m[K^~~~~~~~[m[K
[01m[K/home/utsab/Workspaces/task2/src/gaussian_noise/src/gaussian_noise_node.cpp:30:44:[m[K [01;36m[Knote: [m[Kformat string is defined here
   30 |     ROS_INFO("The message published was: [[01;36m[K%s[m[K]", msg);
      |                                           [01;36m[K~^[m[K
      |                                            [01;36m[K|[m[K
      |                                            [01;36m[Kchar*[m[K
make[2]: *** [CMakeFiles/gn_node.dir/build.make:63: CMakeFiles/gn_node.dir/src/gaussian_noise_node.cpp.o] Error 1
make[1]: *** [CMakeFiles/Makefile2:619: CMakeFiles/gn_node.dir/all] Error 2
make: *** [Makefile:141: all] Error 2
